1384762608 :: Program started
1384762608 :: Finding features
1384762608 :: Finding faces
1384762608 :: Finding Eyes
1384762611 :: Finished finding features
1384762615 :: Finding features
1384762615 :: Finding faces
1384762615 :: Finding Eyes
1384762616 :: Finished finding features
1384762617 :: Finding features
1384762617 :: Finding faces
1384762617 :: Finding Eyes
1384762617 :: Finished finding features
1384762618 :: Finding features
1384762618 :: Finding faces
1384762618 :: Finding Eyes
1384762619 :: Finished finding features
1384762620 :: Finding features
1384762620 :: Finding faces
1384762620 :: Finding Eyes
1384762620 :: Finished finding features
1384762621 :: Finding features
1384762621 :: Finding faces
1384762621 :: Finding Eyes
1384762622 :: Finished finding features
1384762622 :: Finding features
1384762622 :: Finding faces
1384762622 :: Finding Eyes
1384762623 :: Finished finding features
1384762624 :: Finding features
1384762624 :: Finding faces
1384762624 :: Finding Eyes
1384762624 :: Finished finding features
1384762625 :: Finding features
1384762625 :: Finding faces
1384762625 :: Finding Eyes
1384762625 :: Finished finding features
1384762626 :: Finding features
1384762626 :: Finding faces
1384762626 :: Finding Eyes
1384762626 :: Finished finding features
1384762627 :: Finding features
1384762627 :: Finding faces
1384762627 :: Finding Eyes
1384762627 :: Finished finding features
1384762628 :: Finding features
1384762628 :: Finding faces
1384762628 :: Finding Eyes
1384762629 :: Finished finding features
1384762629 :: Finding features
1384762629 :: Finding faces
1384762630 :: Finding Eyes
1384762630 :: Finished finding features
1384762631 :: Finding features
1384762631 :: Finding faces
1384762631 :: Finding Eyes
1384762631 :: Finished finding features
1384762632 :: Finding features
1384762632 :: Finding faces
1384762632 :: Finding Eyes
1384762632 :: Finished finding features
1384762633 :: Finding features
1384762633 :: Finding faces
1384762633 :: Finding Eyes
1384762633 :: Finished finding features
1384762634 :: Finding features
1384762634 :: Finding faces
1384762634 :: Finding Eyes
1384762635 :: Finished finding features
1384762636 :: Finding features
1384762636 :: Finding faces
1384762636 :: Finding Eyes
1384762636 :: Finished finding features
1384762638 :: Finding features
1384762638 :: Finding faces
1384762638 :: Finding Eyes
1384762638 :: Finished finding features
1384762639 :: Finding features
1384762639 :: Finding faces
1384762639 :: Finding Eyes
1384762639 :: Finished finding features
1384762640 :: Finding features
1384762640 :: Finding faces
1384762640 :: Finding Eyes
1384762640 :: Finished finding features
1384762641 :: Finding features
1384762641 :: Finding faces
1384762641 :: Finding Eyes
1384762642 :: Finished finding features
1384762643 :: Finding features
1384762643 :: Finding faces
1384762643 :: Finding Eyes
1384762643 :: Finished finding features
1384762644 :: Finding features
1384762644 :: Finding faces
1384762644 :: Finding Eyes
1384762644 :: Finished finding features
1384762645 :: Finding features
1384762645 :: Finding faces
1384762645 :: Finding Eyes
1384762645 :: Finished finding features
1384762646 :: Finding features
1384762646 :: Finding faces
1384762646 :: Finding Eyes
1384762647 :: Finished finding features
1384762647 :: Finding features
1384762647 :: Finding faces
1384762647 :: Finding Eyes
1384762648 :: Finished finding features
1384762649 :: Finding features
1384762649 :: Finding faces
1384762649 :: Finding Eyes
1384762649 :: Finished finding features
1384762650 :: Finding features
1384762650 :: Finding faces
1384762650 :: Finding Eyes
1384762650 :: Finished finding features
1384762651 :: Finding features
1384762651 :: Finding faces
1384762651 :: Finding Eyes
1384762651 :: Finished finding features
1384762652 :: Finding features
1384762652 :: Finding faces
1384762652 :: Finding Eyes
1384762652 :: Finished finding features
1384762653 :: Finding features
1384762653 :: Finding faces
1384762653 :: Finding Eyes
1384762654 :: Finished finding features
1384762655 :: Finding features
1384762655 :: Finding faces
1384762655 :: Finding Eyes
1384762655 :: Finished finding features
1384762656 :: Finding features
1384762656 :: Finding faces
1384762656 :: Finding Eyes
1384762657 :: Finished finding features
1384762659 :: Finding features
1384762659 :: Finding faces
1384762659 :: Finding Eyes
1384762659 :: Finished finding features
1384762660 :: Finding features
1384762660 :: Finding faces
1384762660 :: Finding Eyes
1384762661 :: Finished finding features
1384762661 :: Finding features
1384762661 :: Finding faces
1384762662 :: Finding Eyes
1384762662 :: Finished finding features
1384762663 :: Finding features
1384762663 :: Finding faces
1384762663 :: Finding Eyes
1384762663 :: Finished finding features
1384762664 :: Finding features
1384762664 :: Finding faces
1384762664 :: Finding Eyes
1384762665 :: Finished finding features
1384762665 :: Finding features
1384762665 :: Finding faces
1384762666 :: Finding Eyes
1384762666 :: Finished finding features
1384762668 :: Finding features
1384762668 :: Finding faces
1384762668 :: Finding Eyes
1384762669 :: Finished finding features
1384762670 :: Finding features
1384762670 :: Finding faces
1384762670 :: Finding Eyes
1384762670 :: Finished finding features
1384762671 :: Finding features
1384762671 :: Finding faces
1384762671 :: Finding Eyes
1384762672 :: Finished finding features
1384762673 :: Finding features
1384762673 :: Finding faces
1384762673 :: Finding Eyes
1384762673 :: Finished finding features
1384762674 :: Finding features
1384762674 :: Finding faces
1384762674 :: Finding Eyes
1384762674 :: Finished finding features
1384762675 :: Finding features
1384762675 :: Finding faces
1384762675 :: Finding Eyes
1384762676 :: Finished finding features
1384762677 :: Finding features
1384762677 :: Finding faces
1384762677 :: Finding Eyes
1384762677 :: Finished finding features
1384762678 :: Finding features
1384762678 :: Finding faces
1384762678 :: Finding Eyes
1384762678 :: Finished finding features
1384762679 :: Finding features
1384762679 :: Finding faces
1384762679 :: Finding Eyes
1384762680 :: Finished finding features
1384762681 :: Finding features
1384762681 :: Finding faces
1384762681 :: Finding Eyes
1384762681 :: Finished finding features
1384762682 :: Finding features
1384762682 :: Finding faces
1384762682 :: Finding Eyes
1384764119 :: Program started
1384764119 :: Finding features
1384764119 :: Finding faces
1384764120 :: Finding Eyes
1384764122 :: Finished finding features
1384764123 :: Finding features
1384764123 :: Finding faces
1384764123 :: Finding Eyes
1384764124 :: Finished finding features
1384764125 :: Finding features
1384764125 :: Finding faces
1384764125 :: Finding Eyes
1384764126 :: Finished finding features
1384764126 :: Finding features
1384764126 :: Finding faces
1384764126 :: Finding Eyes
1384764127 :: Finished finding features
1384764128 :: Finding features
1384764128 :: Finding faces
1384764128 :: Finding Eyes
1384764128 :: Finished finding features
1384764129 :: Finding features
1384764129 :: Finding faces
1384764129 :: Finding Eyes
1384764130 :: Finished finding features
1384764130 :: Finding features
1384764130 :: Finding faces
1384764130 :: Finding Eyes
1384764131 :: Finished finding features
1384764131 :: Finding features
1384764131 :: Finding faces
1384764131 :: Finding Eyes
1384764132 :: Finished finding features
1384764133 :: Finding features
1384764133 :: Finding faces
1384764133 :: Finding Eyes
1384764133 :: Finished finding features
1384764134 :: Finding features
1384764134 :: Finding faces
1384764134 :: Finding Eyes
1384764134 :: Finished finding features
1384764135 :: Finding features
1384764135 :: Finding faces
1384764135 :: Finding Eyes
1384764136 :: Finished finding features
1384764136 :: Finding features
1384764136 :: Finding faces
1384764136 :: Finding Eyes
1384764137 :: Finished finding features
1384764137 :: Finding features
1384764137 :: Finding faces
1384764137 :: Finding Eyes
1384764138 :: Finished finding features
1384764139 :: Finding features
1384764139 :: Finding faces
1384764139 :: Finding Eyes
1384764139 :: Finished finding features
1384764140 :: Finding features
1384764140 :: Finding faces
1384764140 :: Finding Eyes
1384764140 :: Finished finding features
1384764141 :: Finding features
1384764141 :: Finding faces
1384764141 :: Finding Eyes
1384764141 :: Finished finding features
1384764142 :: Finding features
1384764142 :: Finding faces
1384764142 :: Finding Eyes
1384764142 :: Finished finding features
1384764143 :: Finding features
1384764143 :: Finding faces
1384764143 :: Finding Eyes
1384764143 :: Finished finding features
1384764144 :: Finding features
1384764144 :: Finding faces
1384764144 :: Finding Eyes
1384764145 :: Finished finding features
1384764145 :: Finding features
1384764145 :: Finding faces
1384764145 :: Finding Eyes
1384764146 :: Finished finding features
1384764147 :: Finding features
1384764147 :: Finding faces
1384764147 :: Finding Eyes
1384764147 :: Finished finding features
1384764148 :: Finding features
1384764148 :: Finding faces
1384764148 :: Finding Eyes
1384764148 :: Finished finding features
1384764149 :: Finding features
1384764149 :: Finding faces
1384764149 :: Finding Eyes
1384764149 :: Finished finding features
1384764150 :: Finding features
1384764150 :: Finding faces
1384764150 :: Finding Eyes
1384764150 :: Finished finding features
1384764151 :: Finding features
1384764151 :: Finding faces
1384764151 :: Finding Eyes
1384764152 :: Finished finding features
1384764152 :: Finding features
1384764152 :: Finding faces
1384764152 :: Finding Eyes
1384764153 :: Finished finding features
1384764154 :: Finding features
1384764154 :: Finding faces
1384764154 :: Finding Eyes
1384764154 :: Finished finding features
1384764155 :: Finding features
1384764155 :: Finding faces
1384764155 :: Finding Eyes
1384764155 :: Finished finding features
1384764156 :: Finding features
1384764156 :: Finding faces
1384764156 :: Finding Eyes
1384764156 :: Finished finding features
1384764157 :: Finding features
1384764157 :: Finding faces
1384764157 :: Finding Eyes
1384764157 :: Finished finding features
1384764158 :: Finding features
1384764158 :: Finding faces
1384764158 :: Finding Eyes
1384764158 :: Finished finding features
1384764159 :: Finding features
1384764159 :: Finding faces
1384764159 :: Finding Eyes
1384764159 :: Finished finding features
1384764160 :: Finding features
1384764160 :: Finding faces
1384764160 :: Finding Eyes
1384764161 :: Finished finding features
1384764162 :: Finding features
1384764162 :: Finding faces
1384764162 :: Finding Eyes
1384764162 :: Finished finding features
1384764163 :: Finding features
1384764163 :: Finding faces
1384764163 :: Finding Eyes
1384764163 :: Finished finding features
