Build started 7/1/2013 5:23:20 PM.
     1>Project "C:\Users\Sanka\Documents\Education\Projects\Final Year Project\Riyadisi\Riyadisi\RiyadisiDevelopment\RiyadisiDev\RiyadisiDev.vcxproj" on node 2 (build target(s)).
     1>PrepareForBuild:
         Creating directory "C:\Users\Sanka\Documents\Education\Projects\Final Year Project\Riyadisi\Riyadisi\RiyadisiDevelopment\Debug\".
       InitializeBuildStatus:
         Creating "Debug\RiyadisiDev.unsuccessfulbuild" because "AlwaysCreate" was specified.
       ClCompile:
         C:\Program Files (x86)\Microsoft Visual Studio 10.0\VC\bin\CL.exe /c /IC:\opencv2\release\install\include /ZI /nologo /W3 /WX- /Od /Oy- /D _MBCS /Gm /EHsc /RTC1 /MDd /GS /fp:precise /Zc:wchar_t /Zc:forScope /Fo"Debug\\" /Fd"Debug\vc100.pdb" /Gd /TP /analyze- /errorReport:prompt main.cpp
         main.cpp
       Link:
         C:\Program Files (x86)\Microsoft Visual Studio 10.0\VC\bin\link.exe /ERRORREPORT:PROMPT /OUT:"C:\Users\Sanka\Documents\Education\Projects\Final Year Project\Riyadisi\Riyadisi\RiyadisiDevelopment\Debug\RiyadisiDev.exe" /NOLOGO /LIBPATH:C:\opencv2\release\lib\Debug /LIBPATH:C:\opencv2\release\bin\Debug opencv_core245d.lib opencv_highgui245d.lib opencv_imgproc245d.lib opencv_objdetect245d.lib opencv_video245d.lib /MANIFEST /ManifestFile:"Debug\RiyadisiDev.exe.intermediate.manifest" /MANIFESTUAC:"level='asInvoker' uiAccess='false'" /DEBUG /PDB:"C:\Users\Sanka\Documents\Education\Projects\Final Year Project\Riyadisi\Riyadisi\RiyadisiDevelopment\Debug\RiyadisiDev.pdb" /TLBID:1 /DYNAMICBASE /NXCOMPAT /IMPLIB:"C:\Users\Sanka\Documents\Education\Projects\Final Year Project\Riyadisi\Riyadisi\RiyadisiDevelopment\Debug\RiyadisiDev.lib" /MACHINE:X86 Debug\main.obj
         RiyadisiDev.vcxproj -> C:\Users\Sanka\Documents\Education\Projects\Final Year Project\Riyadisi\Riyadisi\RiyadisiDevelopment\Debug\RiyadisiDev.exe
       Manifest:
         C:\Program Files (x86)\Microsoft SDKs\Windows\v7.0A\bin\mt.exe /nologo /verbose /outputresource:"C:\Users\Sanka\Documents\Education\Projects\Final Year Project\Riyadisi\Riyadisi\RiyadisiDevelopment\Debug\RiyadisiDev.exe;#1" /manifest Debug\RiyadisiDev.exe.intermediate.manifest
       FinalizeBuildStatus:
         Deleting file "Debug\RiyadisiDev.unsuccessfulbuild".
         Touching "Debug\RiyadisiDev.lastbuildstate".
     1>Done Building Project "C:\Users\Sanka\Documents\Education\Projects\Final Year Project\Riyadisi\Riyadisi\RiyadisiDevelopment\RiyadisiDev\RiyadisiDev.vcxproj" (build target(s)).

Build succeeded.

Time Elapsed 00:00:08.29
