Build started 10/7/2013 3:04:49 PM.
     1>Project "C:\Users\Sanka\Documents\Education\Projects\Final Year Project\Riyadisi\Riyadisi\RiyadisiDevelopment\RiyadisiDev\RiyadisiDev.vcxproj" on node 2 (build target(s)).
     1>PrepareForBuild:
         Creating directory "C:\Users\Sanka\Documents\Education\Projects\Final Year Project\Riyadisi\Riyadisi\RiyadisiDevelopment\Release\".
       InitializeBuildStatus:
         Creating "Release\RiyadisiDev.unsuccessfulbuild" because "AlwaysCreate" was specified.
       ClCompile:
         C:\Program Files (x86)\Microsoft Visual Studio 10.0\VC\bin\CL.exe /c /IC:\opencv2\release\install\include /Zi /nologo /W3 /WX- /O2 /Oi /Oy- /GL /D _MBCS /Gm- /EHsc /MD /GS /Gy /fp:precise /Zc:wchar_t /Zc:forScope /Fo"Release\\" /Fd"Release\vc100.pdb" /Gd /TP /analyze- /errorReport:prompt Circle.cpp DecisionEngine.cpp Detector.cpp Eye.cpp EyeDetector.cpp EyeFeature.cpp Face.cpp FaceDetector.cpp FaceFeature.cpp FaceFeatureManager.cpp Feature.cpp FeatureCollection.cpp FeatureDetector.cpp Gaze.cpp GazeDetector.cpp main.cpp MouthFeature.cpp Neuron.cpp NoseDetector.cpp NoseFeature.cpp Pupil.cpp PupilDetector.cpp PupilFeature.cpp
         Circle.cpp
         DecisionEngine.cpp
     1>c:\users\sanka\documents\education\projects\final year project\riyadisi\riyadisi\riyadisidevelopment\riyadisidev\FeatureCollection.h(3): warning C4067: unexpected tokens following preprocessor directive - expected a newline
         Detector.cpp
         Eye.cpp
         EyeDetector.cpp
         EyeFeature.cpp
         Face.cpp
         FaceDetector.cpp
         FaceFeature.cpp
         FaceFeatureManager.cpp
     1>c:\users\sanka\documents\education\projects\final year project\riyadisi\riyadisi\riyadisidevelopment\riyadisidev\FeatureCollection.h(3): warning C4067: unexpected tokens following preprocessor directive - expected a newline
     1>FaceFeatureManager.cpp(56): warning C4244: 'initializing' : conversion from 'int' to 'float', possible loss of data
         Feature.cpp
         FeatureCollection.cpp
     1>c:\users\sanka\documents\education\projects\final year project\riyadisi\riyadisi\riyadisidevelopment\riyadisidev\FeatureCollection.h(3): warning C4067: unexpected tokens following preprocessor directive - expected a newline
         FeatureDetector.cpp
     1>FeatureDetector.cpp(1): warning C4067: unexpected tokens following preprocessor directive - expected a newline
         Gaze.cpp
         GazeDetector.cpp
     1>GazeDetector.cpp(64): warning C4018: '<' : signed/unsigned mismatch
     1>GazeDetector.cpp(65): warning C4018: '<' : signed/unsigned mismatch
     1>GazeDetector.cpp(74): warning C4244: 'argument' : conversion from 'float' to 'int', possible loss of data
     1>GazeDetector.cpp(75): warning C4244: 'argument' : conversion from 'float' to 'int', possible loss of data
     1>GazeDetector.cpp(75): warning C4244: 'argument' : conversion from 'float' to 'int', possible loss of data
     1>GazeDetector.cpp(75): warning C4244: 'argument' : conversion from 'float' to 'int', possible loss of data
     1>GazeDetector.cpp(75): warning C4244: 'argument' : conversion from 'float' to 'int', possible loss of data
     1>GazeDetector.cpp(76): warning C4244: 'argument' : conversion from 'float' to 'int', possible loss of data
     1>GazeDetector.cpp(76): warning C4244: 'argument' : conversion from 'float' to 'int', possible loss of data
     1>GazeDetector.cpp(76): warning C4244: 'argument' : conversion from 'float' to 'int', possible loss of data
     1>GazeDetector.cpp(76): warning C4244: 'argument' : conversion from 'float' to 'int', possible loss of data
         main.cpp
     1>main.cpp(4): warning C4067: unexpected tokens following preprocessor directive - expected a newline
     1>main.cpp(5): warning C4067: unexpected tokens following preprocessor directive - expected a newline
     1>c:\users\sanka\documents\education\projects\final year project\riyadisi\riyadisi\riyadisidevelopment\riyadisidev\FeatureCollection.h(3): warning C4067: unexpected tokens following preprocessor directive - expected a newline
         MouthFeature.cpp
         Neuron.cpp
         NoseDetector.cpp
         NoseFeature.cpp
         Compiling...
         Pupil.cpp
         PupilDetector.cpp
     1>PupilDetector.cpp(37): warning C4018: '<' : signed/unsigned mismatch
     1>PupilDetector.cpp(38): warning C4018: '<' : signed/unsigned mismatch
         PupilFeature.cpp
       Link:
         C:\Program Files (x86)\Microsoft Visual Studio 10.0\VC\bin\link.exe /ERRORREPORT:PROMPT /OUT:"C:\Users\Sanka\Documents\Education\Projects\Final Year Project\Riyadisi\Riyadisi\RiyadisiDevelopment\Release\RiyadisiDev.exe" /NOLOGO /LIBPATH:C:\opencv2\release\lib\Release /LIBPATH:C:\opencv2\release\bin\Release kernel32.lib user32.lib gdi32.lib winspool.lib comdlg32.lib advapi32.lib shell32.lib ole32.lib oleaut32.lib uuid.lib odbc32.lib odbccp32.lib kernel32.lib user32.lib gdi32.lib winspool.lib comdlg32.lib advapi32.lib shell32.lib ole32.lib oleaut32.lib uuid.lib odbc32.lib odbccp32.lib opencv_calib3d245.lib opencv_contrib245.lib opencv_core245.lib opencv_features2d245.lib opencv_flann245.lib opencv_gpu245.lib opencv_highgui245.lib opencv_imgproc245.lib opencv_legacy245.lib opencv_ml245.lib opencv_nonfree245.lib opencv_objdetect245.lib opencv_photo245.lib opencv_stitching245.lib opencv_superres245.lib opencv_ts245.lib opencv_video245.lib opencv_videostab245.lib /MANIFEST /ManifestFile:"Release\RiyadisiDev.exe.intermediate.manifest" /MANIFESTUAC:"level='asInvoker' uiAccess='false'" /DEBUG /PDB:"C:\Users\Sanka\Documents\Education\Projects\Final Year Project\Riyadisi\Riyadisi\RiyadisiDevelopment\Release\RiyadisiDev.pdb" /OPT:REF /OPT:ICF /LTCG /TLBID:1 /DYNAMICBASE /NXCOMPAT /IMPLIB:"C:\Users\Sanka\Documents\Education\Projects\Final Year Project\Riyadisi\Riyadisi\RiyadisiDevelopment\Release\RiyadisiDev.lib" /MACHINE:X86 Release\Circle.obj
         Release\DecisionEngine.obj
         Release\Detector.obj
         Release\Eye.obj
         Release\EyeDetector.obj
         Release\EyeFeature.obj
         Release\Face.obj
         Release\FaceDetector.obj
         Release\FaceFeature.obj
         Release\FaceFeatureManager.obj
         Release\Feature.obj
         Release\FeatureCollection.obj
         Release\FeatureDetector.obj
         Release\Gaze.obj
         Release\GazeDetector.obj
         Release\main.obj
         Release\MouthFeature.obj
         Release\Neuron.obj
         Release\NoseDetector.obj
         Release\NoseFeature.obj
         Release\Pupil.obj
         Release\PupilDetector.obj
         Release\PupilFeature.obj
         Generating code
         Finished generating code
         RiyadisiDev.vcxproj -> C:\Users\Sanka\Documents\Education\Projects\Final Year Project\Riyadisi\Riyadisi\RiyadisiDevelopment\Release\RiyadisiDev.exe
       Manifest:
         C:\Program Files (x86)\Microsoft SDKs\Windows\v7.0A\bin\mt.exe /nologo /verbose /outputresource:"C:\Users\Sanka\Documents\Education\Projects\Final Year Project\Riyadisi\Riyadisi\RiyadisiDevelopment\Release\RiyadisiDev.exe;#1" /manifest Release\RiyadisiDev.exe.intermediate.manifest
       FinalizeBuildStatus:
         Deleting file "Release\RiyadisiDev.unsuccessfulbuild".
         Touching "Release\RiyadisiDev.lastbuildstate".
     1>Done Building Project "C:\Users\Sanka\Documents\Education\Projects\Final Year Project\Riyadisi\Riyadisi\RiyadisiDevelopment\RiyadisiDev\RiyadisiDev.vcxproj" (build target(s)).

Build succeeded.

Time Elapsed 00:00:19.62
